[2026-04-26 12:50:39] [INFO] 🚀 初始化终极训练任务 (HardNeg + Residual) | Device: cuda
[2026-04-26 12:50:39] [INFO] 自动检测到输入维度: 15
[2026-04-26 12:50:39] [INFO] 🔥 Phase 1: 预训练特征 (100 Epochs)...
[2026-04-26 12:50:51] [INFO] Pre-train Epoch 0 | Loss: 7.9901
[2026-04-26 12:51:45] [INFO] Pre-train Epoch 5 | Loss: 7.8811
[2026-04-26 12:52:50] [INFO] Pre-train Epoch 10 | Loss: 7.7511
[2026-04-26 12:53:54] [INFO] Pre-train Epoch 15 | Loss: 7.5229
[2026-04-26 12:54:59] [INFO] Pre-train Epoch 20 | Loss: 7.5386
[2026-04-26 12:56:04] [INFO] Pre-train Epoch 25 | Loss: 7.4538
[2026-04-26 12:57:11] [INFO] Pre-train Epoch 30 | Loss: 7.3817
[2026-04-26 12:58:20] [INFO] Pre-train Epoch 35 | Loss: 7.2783
[2026-04-26 12:59:30] [INFO] Pre-train Epoch 40 | Loss: 7.3211
[2026-04-26 13:00:41] [INFO] Pre-train Epoch 45 | Loss: 7.2839
[2026-04-26 13:01:46] [INFO] Pre-train Epoch 50 | Loss: 7.2671
[2026-04-26 13:02:55] [INFO] Pre-train Epoch 55 | Loss: 7.2038
[2026-04-26 13:04:05] [INFO] Pre-train Epoch 60 | Loss: 7.1897
[2026-04-26 13:05:16] [INFO] Pre-train Epoch 65 | Loss: 7.1791
[2026-04-26 13:06:15] [INFO] Pre-train Epoch 70 | Loss: 7.1823
[2026-04-26 13:07:03] [INFO] Pre-train Epoch 75 | Loss: 7.1415
[2026-04-26 13:07:51] [INFO] Pre-train Epoch 80 | Loss: 7.0988
[2026-04-26 13:08:40] [INFO] Pre-train Epoch 85 | Loss: 7.0739
[2026-04-26 13:09:28] [INFO] Pre-train Epoch 90 | Loss: 7.0353
[2026-04-26 13:10:16] [INFO] Pre-train Epoch 95 | Loss: 7.0691
[2026-04-26 13:10:54] [INFO] 🎯 Phase 2: 使用 KMeans 初始化 DEC 聚类中心...
[2026-04-26 13:11:39] [INFO] 🚀 Phase 3: 联合微调 (400 Epochs)...
[2026-04-26 13:11:52] [INFO] Fine-tune Epoch 0 | Train Loss: 7.0834 | Val Loss: 7.0780
[2026-04-26 13:12:52] [INFO] Fine-tune Epoch 5 | Train Loss: 7.1175 | Val Loss: 7.0922
[2026-04-26 13:13:53] [INFO] Fine-tune Epoch 10 | Train Loss: 7.1252 | Val Loss: 7.0765
[2026-04-26 13:14:54] [INFO] Fine-tune Epoch 15 | Train Loss: 7.1413 | Val Loss: 7.0736
[2026-04-26 13:15:55] [INFO] Fine-tune Epoch 20 | Train Loss: 7.1017 | Val Loss: 7.0725
[2026-04-26 13:16:57] [INFO] Fine-tune Epoch 25 | Train Loss: 7.1172 | Val Loss: 7.0575
[2026-04-26 13:17:58] [INFO] Fine-tune Epoch 30 | Train Loss: 7.1070 | Val Loss: 7.0564
[2026-04-26 13:18:58] [INFO] Fine-tune Epoch 35 | Train Loss: 7.1015 | Val Loss: 7.0442
[2026-04-26 13:19:58] [INFO] Fine-tune Epoch 40 | Train Loss: 7.1373 | Val Loss: 7.0517
[2026-04-26 13:20:59] [INFO] Fine-tune Epoch 45 | Train Loss: 7.0750 | Val Loss: 7.0394
[2026-04-26 13:21:59] [INFO] Fine-tune Epoch 50 | Train Loss: 7.0994 | Val Loss: 7.0369
[2026-04-26 13:23:00] [INFO] Fine-tune Epoch 55 | Train Loss: 7.0489 | Val Loss: 7.0316
[2026-04-26 13:24:02] [INFO] Fine-tune Epoch 60 | Train Loss: 7.0911 | Val Loss: 7.0298
[2026-04-26 13:25:02] [INFO] Fine-tune Epoch 65 | Train Loss: 6.9714 | Val Loss: 7.0240
[2026-04-26 13:26:03] [INFO] Fine-tune Epoch 70 | Train Loss: 7.0728 | Val Loss: 7.0368
[2026-04-26 13:27:03] [INFO] Fine-tune Epoch 75 | Train Loss: 6.9867 | Val Loss: 7.0259
[2026-04-26 13:28:03] [INFO] Fine-tune Epoch 80 | Train Loss: 6.9827 | Val Loss: 7.0243
[2026-04-26 13:29:03] [INFO] Fine-tune Epoch 85 | Train Loss: 7.0653 | Val Loss: 7.0191
[2026-04-26 13:30:04] [INFO] Fine-tune Epoch 90 | Train Loss: 7.0751 | Val Loss: 7.0258
[2026-04-26 13:31:04] [INFO] Fine-tune Epoch 95 | Train Loss: 7.0211 | Val Loss: 7.0206
[2026-04-26 13:32:05] [INFO] Fine-tune Epoch 100 | Train Loss: 7.0112 | Val Loss: 7.0153
[2026-04-26 13:33:05] [INFO] Fine-tune Epoch 105 | Train Loss: 7.0215 | Val Loss: 7.0243
[2026-04-26 13:34:05] [INFO] Fine-tune Epoch 110 | Train Loss: 7.0076 | Val Loss: 7.0135
[2026-04-26 13:35:05] [INFO] Fine-tune Epoch 115 | Train Loss: 7.0220 | Val Loss: 7.0158
[2026-04-26 13:36:05] [INFO] Fine-tune Epoch 120 | Train Loss: 7.0407 | Val Loss: 7.0100
[2026-04-26 13:37:06] [INFO] Fine-tune Epoch 125 | Train Loss: 6.9374 | Val Loss: 7.0057
[2026-04-26 13:38:06] [INFO] Fine-tune Epoch 130 | Train Loss: 7.0114 | Val Loss: 7.0149
[2026-04-26 13:39:06] [INFO] Fine-tune Epoch 135 | Train Loss: 7.0118 | Val Loss: 7.0046
[2026-04-26 13:40:07] [INFO] Fine-tune Epoch 140 | Train Loss: 6.9976 | Val Loss: 7.0053
[2026-04-26 13:41:07] [INFO] Fine-tune Epoch 145 | Train Loss: 7.0114 | Val Loss: 6.9946
[2026-04-26 13:42:07] [INFO] Fine-tune Epoch 150 | Train Loss: 7.0182 | Val Loss: 6.9958
[2026-04-26 13:43:08] [INFO] Fine-tune Epoch 155 | Train Loss: 6.9718 | Val Loss: 7.0008
[2026-04-26 13:44:09] [INFO] Fine-tune Epoch 160 | Train Loss: 6.9315 | Val Loss: 7.0036
[2026-04-26 13:45:10] [INFO] Fine-tune Epoch 165 | Train Loss: 6.9742 | Val Loss: 7.0062
[2026-04-26 13:46:10] [INFO] Fine-tune Epoch 170 | Train Loss: 6.9959 | Val Loss: 6.9892
[2026-04-26 13:47:11] [INFO] Fine-tune Epoch 175 | Train Loss: 6.9943 | Val Loss: 6.9907
[2026-04-26 13:48:12] [INFO] Fine-tune Epoch 180 | Train Loss: 6.9802 | Val Loss: 6.9947
[2026-04-26 13:49:12] [INFO] Fine-tune Epoch 185 | Train Loss: 6.9511 | Val Loss: 6.9987
[2026-04-26 13:50:13] [INFO] Fine-tune Epoch 190 | Train Loss: 6.9730 | Val Loss: 6.9922
[2026-04-26 13:51:14] [INFO] Fine-tune Epoch 195 | Train Loss: 6.9098 | Val Loss: 6.9932
[2026-04-26 13:52:15] [INFO] Fine-tune Epoch 200 | Train Loss: 6.9517 | Val Loss: 6.9867
[2026-04-26 13:53:15] [INFO] Fine-tune Epoch 205 | Train Loss: 6.9653 | Val Loss: 6.9916
[2026-04-26 13:54:15] [INFO] Fine-tune Epoch 210 | Train Loss: 6.9511 | Val Loss: 6.9909
[2026-04-26 13:55:16] [INFO] Fine-tune Epoch 215 | Train Loss: 6.9339 | Val Loss: 6.9899
[2026-04-26 13:56:16] [INFO] Fine-tune Epoch 220 | Train Loss: 6.9792 | Val Loss: 6.9829
[2026-04-26 13:57:17] [INFO] Fine-tune Epoch 225 | Train Loss: 6.9609 | Val Loss: 6.9894
[2026-04-26 13:58:17] [INFO] Fine-tune Epoch 230 | Train Loss: 6.7293 | Val Loss: 6.9816
[2026-04-26 13:59:18] [INFO] Fine-tune Epoch 235 | Train Loss: 6.9067 | Val Loss: 6.9829
[2026-04-26 14:00:19] [INFO] Fine-tune Epoch 240 | Train Loss: 6.9391 | Val Loss: 6.9840
[2026-04-26 14:01:20] [INFO] Fine-tune Epoch 245 | Train Loss: 6.9071 | Val Loss: 6.9860
[2026-04-26 14:02:20] [INFO] Fine-tune Epoch 250 | Train Loss: 6.9796 | Val Loss: 6.9814
[2026-04-26 14:03:21] [INFO] Fine-tune Epoch 255 | Train Loss: 6.9268 | Val Loss: 6.9865
[2026-04-26 14:04:22] [INFO] Fine-tune Epoch 260 | Train Loss: 6.9568 | Val Loss: 6.9788
[2026-04-26 14:05:24] [INFO] Fine-tune Epoch 265 | Train Loss: 6.9578 | Val Loss: 6.9798
[2026-04-26 14:06:25] [INFO] Fine-tune Epoch 270 | Train Loss: 6.9177 | Val Loss: 6.9859
[2026-04-26 14:07:26] [INFO] Fine-tune Epoch 275 | Train Loss: 6.9498 | Val Loss: 6.9777
[2026-04-26 14:08:25] [INFO] Fine-tune Epoch 280 | Train Loss: 6.9368 | Val Loss: 6.9771
[2026-04-26 14:09:25] [INFO] Fine-tune Epoch 285 | Train Loss: 6.9225 | Val Loss: 6.9736
[2026-04-26 14:10:26] [INFO] Fine-tune Epoch 290 | Train Loss: 6.8580 | Val Loss: 6.9769
[2026-04-26 14:11:26] [INFO] Fine-tune Epoch 295 | Train Loss: 6.9297 | Val Loss: 6.9737
[2026-04-26 14:12:26] [INFO] Fine-tune Epoch 300 | Train Loss: 6.8600 | Val Loss: 6.9766
[2026-04-26 14:13:26] [INFO] Fine-tune Epoch 305 | Train Loss: 6.9555 | Val Loss: 6.9838
[2026-04-26 14:14:27] [INFO] Fine-tune Epoch 310 | Train Loss: 6.9517 | Val Loss: 6.9746
[2026-04-26 14:15:27] [INFO] Fine-tune Epoch 315 | Train Loss: 6.8960 | Val Loss: 6.9818
[2026-04-26 14:16:27] [INFO] Fine-tune Epoch 320 | Train Loss: 6.9346 | Val Loss: 6.9759
[2026-04-26 14:17:27] [INFO] Fine-tune Epoch 325 | Train Loss: 6.9277 | Val Loss: 6.9761
[2026-04-26 14:18:27] [INFO] Fine-tune Epoch 330 | Train Loss: 6.8838 | Val Loss: 6.9784
[2026-04-26 14:19:27] [INFO] Fine-tune Epoch 335 | Train Loss: 6.9130 | Val Loss: 6.9786
[2026-04-26 14:20:28] [INFO] Fine-tune Epoch 340 | Train Loss: 6.9097 | Val Loss: 6.9679
[2026-04-26 14:21:29] [INFO] Fine-tune Epoch 345 | Train Loss: 6.9225 | Val Loss: 6.9753
[2026-04-26 14:22:29] [INFO] Fine-tune Epoch 350 | Train Loss: 6.8669 | Val Loss: 6.9821
[2026-04-26 14:23:29] [INFO] Fine-tune Epoch 355 | Train Loss: 6.8814 | Val Loss: 6.9761
[2026-04-26 14:24:29] [INFO] Fine-tune Epoch 360 | Train Loss: 6.8998 | Val Loss: 6.9769
[2026-04-26 14:25:30] [INFO] Fine-tune Epoch 365 | Train Loss: 6.9284 | Val Loss: 6.9679
[2026-04-26 14:26:31] [INFO] Fine-tune Epoch 370 | Train Loss: 6.8900 | Val Loss: 6.9752
[2026-04-26 14:27:33] [INFO] Fine-tune Epoch 375 | Train Loss: 6.9006 | Val Loss: 6.9688
[2026-04-26 14:28:35] [INFO] Fine-tune Epoch 380 | Train Loss: 6.8904 | Val Loss: 6.9733
[2026-04-26 14:29:36] [INFO] Fine-tune Epoch 385 | Train Loss: 6.9119 | Val Loss: 6.9849
[2026-04-26 14:30:37] [INFO] Fine-tune Epoch 390 | Train Loss: 6.8874 | Val Loss: 6.9720
[2026-04-26 14:31:38] [INFO] Fine-tune Epoch 395 | Train Loss: 6.8771 | Val Loss: 6.9724
[2026-04-26 14:32:28] [INFO] ✅ 训练完成，模型已保存。
[2026-04-29 10:52:47] [INFO] 🚀 初始化终极训练任务 (HardNeg + Residual) | Device: cpu
[2026-04-29 10:52:47] [INFO] 自动检测到输入维度: 15
[2026-04-29 10:52:47] [INFO] 🔥 Phase 1: 预训练特征 (100 Epochs)...
[2026-04-29 10:52:57] [INFO] Pre-train Epoch 0 | Loss: 7.9906
[2026-04-29 10:53:22] [INFO] Pre-train Epoch 5 | Loss: 7.9024
[2026-04-29 10:59:10] [INFO] 🚀 初始化泛癌训练任务 (HardNeg + Residual) | Device: cpu
[2026-04-29 10:59:10] [INFO] 📊 成功载入 64 个样本数据。
[2026-04-29 10:59:10] [INFO] ✅ 自动检测到输入维度: 15
[2026-04-29 10:59:10] [INFO] 🔥 Phase 1: 预训练特征 (150 Epochs)...
[2026-04-29 10:59:30] [INFO] Pre-train Epoch 0 | Loss: 7.6633
[2026-04-29 11:00:10] [INFO] Pre-train Epoch 5 | Loss: 7.5756
[2026-04-29 11:00:49] [INFO] Pre-train Epoch 10 | Loss: 7.4995
[2026-04-29 17:07:30] [INFO] 🚀 初始化泛癌训练任务 (HardNeg + Residual) | Device: cuda
[2026-04-29 17:07:31] [INFO] 📊 成功载入 79 个样本数据。
[2026-04-29 17:07:31] [INFO] ✅ 自动检测到输入维度: 207
[2026-04-29 17:07:31] [INFO] 🔥 Phase 1: 预训练特征 (150 Epochs)...
[2026-04-29 19:46:13] [INFO] 🚀 初始化泛癌训练任务 (HardNeg + Residual) | Device: cuda
[2026-04-29 19:46:14] [INFO] 📊 成功载入 73 个样本数据。
[2026-04-29 19:46:14] [INFO] ✅ 自动检测到输入维度: 233
[2026-04-29 19:46:14] [INFO] 🔥 Phase 1: 预训练特征 (150 Epochs)...
[2026-04-29 19:46:29] [INFO] Pre-train Epoch 0 | Loss: 8.2865
[2026-04-29 19:47:33] [INFO] Pre-train Epoch 5 | Loss: 7.6866
[2026-04-29 19:48:36] [INFO] Pre-train Epoch 10 | Loss: 7.5840
[2026-04-29 19:49:40] [INFO] Pre-train Epoch 15 | Loss: 7.5278
[2026-04-29 19:50:44] [INFO] Pre-train Epoch 20 | Loss: 7.4755
[2026-04-29 19:51:48] [INFO] Pre-train Epoch 25 | Loss: 7.4495
[2026-04-29 19:52:52] [INFO] Pre-train Epoch 30 | Loss: 7.4197
[2026-04-29 19:53:56] [INFO] Pre-train Epoch 35 | Loss: 7.3973
[2026-04-29 19:55:00] [INFO] Pre-train Epoch 40 | Loss: 7.3627
[2026-04-29 19:56:04] [INFO] Pre-train Epoch 45 | Loss: 7.3459
[2026-04-29 19:57:08] [INFO] Pre-train Epoch 50 | Loss: 7.3283
[2026-04-29 19:58:12] [INFO] Pre-train Epoch 55 | Loss: 7.3143
[2026-04-29 19:59:16] [INFO] Pre-train Epoch 60 | Loss: 7.2920
[2026-04-29 20:00:20] [INFO] Pre-train Epoch 65 | Loss: 7.2664
[2026-04-29 20:01:24] [INFO] Pre-train Epoch 70 | Loss: 7.2658
[2026-04-29 20:02:28] [INFO] Pre-train Epoch 75 | Loss: 7.2505
[2026-04-29 20:03:31] [INFO] Pre-train Epoch 80 | Loss: 7.1967
[2026-04-29 20:04:36] [INFO] Pre-train Epoch 85 | Loss: 7.2435
[2026-04-29 20:05:39] [INFO] Pre-train Epoch 90 | Loss: 7.2263
[2026-04-29 20:06:44] [INFO] Pre-train Epoch 95 | Loss: 7.2124
[2026-04-29 20:07:48] [INFO] Pre-train Epoch 100 | Loss: 7.2075
[2026-04-29 20:08:52] [INFO] Pre-train Epoch 105 | Loss: 7.2010
[2026-04-29 20:09:56] [INFO] Pre-train Epoch 110 | Loss: 7.2003
[2026-04-29 20:11:00] [INFO] Pre-train Epoch 115 | Loss: 7.1752
[2026-04-29 20:12:04] [INFO] Pre-train Epoch 120 | Loss: 7.1811
[2026-04-29 20:13:07] [INFO] Pre-train Epoch 125 | Loss: 7.1826
[2026-04-29 20:14:11] [INFO] Pre-train Epoch 130 | Loss: 7.1658
[2026-04-29 20:15:15] [INFO] Pre-train Epoch 135 | Loss: 7.1595
[2026-04-29 20:16:19] [INFO] Pre-train Epoch 140 | Loss: 7.1663
[2026-04-29 20:17:23] [INFO] Pre-train Epoch 145 | Loss: 7.1432
[2026-04-29 20:18:14] [INFO] 🎯 Phase 2: 使用 KMeans 初始化 DEC 聚类中心...
[2026-04-29 20:26:38] [INFO] 🚀 初始化泛癌训练任务 (HardNeg + Residual) | Device: cuda
[2026-04-29 20:26:38] [INFO] 📊 成功载入 73 个样本数据。
[2026-04-29 20:26:38] [INFO] ✅ 自动检测到输入维度: 233
[2026-04-29 20:26:38] [INFO] 🔥 Phase 1: 预训练特征 (150 Epochs)...
[2026-04-29 20:26:42] [INFO] Pre-train Epoch 0 | Loss: 8.2865
[2026-04-29 20:26:46] [INFO] Pre-train Epoch 5 | Loss: 7.6866
[2026-04-29 20:26:51] [INFO] Pre-train Epoch 10 | Loss: 7.5840
[2026-04-29 20:26:55] [INFO] Pre-train Epoch 15 | Loss: 7.5278
[2026-04-29 20:27:00] [INFO] Pre-train Epoch 20 | Loss: 7.4755
[2026-04-29 20:27:05] [INFO] Pre-train Epoch 25 | Loss: 7.4495
[2026-04-29 20:27:09] [INFO] Pre-train Epoch 30 | Loss: 7.4197
[2026-04-29 20:27:14] [INFO] Pre-train Epoch 35 | Loss: 7.3973
[2026-04-29 20:27:19] [INFO] Pre-train Epoch 40 | Loss: 7.3627
[2026-04-29 20:27:24] [INFO] Pre-train Epoch 45 | Loss: 7.3459
[2026-04-29 20:27:30] [INFO] Pre-train Epoch 50 | Loss: 7.3283
[2026-04-29 20:27:36] [INFO] Pre-train Epoch 55 | Loss: 7.3143
[2026-04-29 20:27:40] [INFO] Pre-train Epoch 60 | Loss: 7.2920
[2026-04-29 20:27:44] [INFO] Pre-train Epoch 65 | Loss: 7.2664
[2026-04-29 20:27:48] [INFO] Pre-train Epoch 70 | Loss: 7.2658
[2026-04-29 20:27:53] [INFO] Pre-train Epoch 75 | Loss: 7.2505
[2026-04-29 20:27:57] [INFO] Pre-train Epoch 80 | Loss: 7.1967
[2026-04-29 20:28:01] [INFO] Pre-train Epoch 85 | Loss: 7.2435
[2026-04-29 20:28:06] [INFO] Pre-train Epoch 90 | Loss: 7.2263
[2026-04-29 20:28:10] [INFO] Pre-train Epoch 95 | Loss: 7.2125
[2026-04-29 20:28:14] [INFO] Pre-train Epoch 100 | Loss: 7.2075
[2026-04-29 20:28:18] [INFO] Pre-train Epoch 105 | Loss: 7.2010
[2026-04-29 20:28:23] [INFO] Pre-train Epoch 110 | Loss: 7.2003
[2026-04-29 20:28:27] [INFO] Pre-train Epoch 115 | Loss: 7.1752
[2026-04-29 20:28:32] [INFO] Pre-train Epoch 120 | Loss: 7.1811
[2026-04-29 20:28:36] [INFO] Pre-train Epoch 125 | Loss: 7.1826
[2026-04-29 20:28:40] [INFO] Pre-train Epoch 130 | Loss: 7.1658
[2026-04-29 20:28:45] [INFO] Pre-train Epoch 135 | Loss: 7.1595
[2026-04-29 20:28:49] [INFO] Pre-train Epoch 140 | Loss: 7.1663
[2026-04-29 20:28:53] [INFO] Pre-train Epoch 145 | Loss: 7.1432
[2026-04-29 20:28:57] [INFO] 🎯 Phase 2: 使用 KMeans 初始化 DEC 聚类中心...
[2026-04-29 20:29:03] [INFO] 🚀 Phase 3: 联合微调 (500 Epochs)...
[2026-04-29 20:29:04] [INFO] Fine-tune Epoch 0 | Train Loss: 7.1655 | Val Loss: 7.2995
[2026-04-29 20:29:09] [INFO] Fine-tune Epoch 5 | Train Loss: 7.1851 | Val Loss: 7.2993
[2026-04-29 20:29:15] [INFO] Fine-tune Epoch 10 | Train Loss: 7.1740 | Val Loss: 7.3009
[2026-04-29 20:29:20] [INFO] Fine-tune Epoch 15 | Train Loss: 7.1552 | Val Loss: 7.2976
[2026-04-29 20:29:26] [INFO] Fine-tune Epoch 20 | Train Loss: 7.1693 | Val Loss: 7.2981
[2026-04-29 20:29:31] [INFO] Fine-tune Epoch 25 | Train Loss: 7.1624 | Val Loss: 7.2996
[2026-04-29 20:29:37] [INFO] Fine-tune Epoch 30 | Train Loss: 7.1567 | Val Loss: 7.2992
[2026-04-29 20:29:42] [INFO] Fine-tune Epoch 35 | Train Loss: 7.1821 | Val Loss: 7.2971
[2026-04-29 20:29:48] [INFO] Fine-tune Epoch 40 | Train Loss: 7.1807 | Val Loss: 7.2971
[2026-04-29 20:29:53] [INFO] Fine-tune Epoch 45 | Train Loss: 7.1782 | Val Loss: 7.2961
[2026-04-29 20:29:58] [INFO] Fine-tune Epoch 50 | Train Loss: 7.1677 | Val Loss: 7.2979
[2026-04-29 20:30:04] [INFO] Fine-tune Epoch 55 | Train Loss: 7.1723 | Val Loss: 7.2960
[2026-04-29 20:30:09] [INFO] Fine-tune Epoch 60 | Train Loss: 7.1798 | Val Loss: 7.3001
[2026-04-29 20:30:14] [INFO] Fine-tune Epoch 65 | Train Loss: 7.1780 | Val Loss: 7.2939
[2026-04-29 20:30:19] [INFO] Fine-tune Epoch 70 | Train Loss: 7.1777 | Val Loss: 7.2961
[2026-04-29 20:30:25] [INFO] Fine-tune Epoch 75 | Train Loss: 7.1773 | Val Loss: 7.2964
[2026-04-29 20:30:31] [INFO] Fine-tune Epoch 80 | Train Loss: 7.1180 | Val Loss: 7.2986
[2026-04-29 20:30:36] [INFO] Fine-tune Epoch 85 | Train Loss: 7.1876 | Val Loss: 7.3001
[2026-04-29 20:30:42] [INFO] Fine-tune Epoch 90 | Train Loss: 7.1191 | Val Loss: 7.2985
[2026-04-29 20:30:47] [INFO] Fine-tune Epoch 95 | Train Loss: 7.1877 | Val Loss: 7.2970
[2026-04-29 20:30:53] [INFO] Fine-tune Epoch 100 | Train Loss: 7.1596 | Val Loss: 7.3027
[2026-04-29 20:30:59] [INFO] Fine-tune Epoch 105 | Train Loss: 7.1655 | Val Loss: 7.3024
[2026-04-29 20:31:04] [INFO] Fine-tune Epoch 110 | Train Loss: 7.1901 | Val Loss: 7.3035
[2026-04-29 20:31:10] [INFO] Fine-tune Epoch 115 | Train Loss: 7.1866 | Val Loss: 7.3044
[2026-04-29 20:31:15] [INFO] Fine-tune Epoch 120 | Train Loss: 7.1967 | Val Loss: 7.3076
[2026-04-29 20:31:21] [INFO] Fine-tune Epoch 125 | Train Loss: 7.1841 | Val Loss: 7.3075
[2026-04-29 20:31:26] [INFO] Fine-tune Epoch 130 | Train Loss: 7.2002 | Val Loss: 7.3109
[2026-04-29 20:31:32] [INFO] Fine-tune Epoch 135 | Train Loss: 7.1669 | Val Loss: 7.3113
[2026-04-29 20:31:37] [INFO] Fine-tune Epoch 140 | Train Loss: 7.1836 | Val Loss: 7.3147
[2026-04-29 20:31:43] [INFO] Fine-tune Epoch 145 | Train Loss: 7.2105 | Val Loss: 7.3182
[2026-04-29 20:31:48] [INFO] Fine-tune Epoch 150 | Train Loss: 7.2028 | Val Loss: 7.3238
[2026-04-29 20:31:54] [INFO] Fine-tune Epoch 155 | Train Loss: 7.2085 | Val Loss: 7.3227
[2026-04-29 20:31:59] [INFO] Fine-tune Epoch 160 | Train Loss: 7.1921 | Val Loss: 7.3247
[2026-04-29 20:32:05] [INFO] Fine-tune Epoch 165 | Train Loss: 7.1819 | Val Loss: 7.3273
[2026-04-29 20:32:10] [INFO] Fine-tune Epoch 170 | Train Loss: 7.2009 | Val Loss: 7.3321
[2026-04-29 20:32:16] [INFO] Fine-tune Epoch 175 | Train Loss: 7.1963 | Val Loss: 7.3347
[2026-04-29 20:32:21] [INFO] Fine-tune Epoch 180 | Train Loss: 7.1774 | Val Loss: 7.3359
[2026-04-29 20:32:26] [INFO] Fine-tune Epoch 185 | Train Loss: 7.2330 | Val Loss: 7.3459
[2026-04-29 20:32:31] [INFO] Fine-tune Epoch 190 | Train Loss: 7.2401 | Val Loss: 7.3474
[2026-04-29 20:32:37] [INFO] Fine-tune Epoch 195 | Train Loss: 7.2304 | Val Loss: 7.3486
[2026-04-29 20:32:42] [INFO] Fine-tune Epoch 200 | Train Loss: 7.2347 | Val Loss: 7.3530
[2026-04-29 20:32:47] [INFO] Fine-tune Epoch 205 | Train Loss: 7.2285 | Val Loss: 7.3594
[2026-04-29 20:32:52] [INFO] Fine-tune Epoch 210 | Train Loss: 7.2355 | Val Loss: 7.3640
[2026-04-29 20:32:58] [INFO] Fine-tune Epoch 215 | Train Loss: 7.2465 | Val Loss: 7.3686
[2026-04-29 20:32:59] [WARNING] ✋ 触发早停机制！(Epoch 216)
[2026-04-29 20:33:00] [INFO] ✅ 训练完成，最佳模型已保存。
